<?xml version="1.0" encoding="UTF-8"?>
<!-- Generated by org.testng.reporters.JUnitReportReporter -->
<testsuite skipped="0" hostname="WAILAP-19" name="FOITest.temp" tests="1" failures="0" timestamp="21 Jul 2022 06:20:21 GMT" time="96.228" errors="0">
  <testcase name="testLogin" time="96.228" classname="FOITest.temp"/>
</testsuite> <!-- FOITest.temp -->
