<?xml version="1.0" encoding="UTF-8"?>
<!-- Generated by org.testng.reporters.JUnitReportReporter -->
<testsuite skipped="0" hostname="WAILAP-19" name="FOITest.SwitchToTenant" tests="1" failures="0" timestamp="22 Jul 2022 06:39:37 GMT" time="266.946" errors="0">
  <testcase name="switchtotenant" time="266.946" classname="FOITest.SwitchToTenant"/>
</testsuite> <!-- FOITest.SwitchToTenant -->
