<?xml version="1.0" encoding="UTF-8"?>
<!-- Generated by org.testng.reporters.JUnitReportReporter -->
<testsuite skipped="0" hostname="WAILAP-19" name="FOITest.ValidateLogin" tests="1" failures="0" timestamp="21 Jul 2022 06:24:43 GMT" time="95.607" errors="0">
  <testcase name="testLogin" time="95.607" classname="FOITest.ValidateLogin"/>
</testsuite> <!-- FOITest.ValidateLogin -->
