<?xml version="1.0" encoding="UTF-8"?>
<!-- Generated by org.testng.reporters.JUnitReportReporter -->
<testsuite skipped="0" hostname="WAILAP-19" name="FOITest.HandleSurgeries" tests="1" failures="0" timestamp="02 Aug 2022 07:33:10 GMT" time="67.361" errors="0">
  <testcase name="addNewSuregery" time="67.361" classname="FOITest.HandleSurgeries"/>
</testsuite> <!-- FOITest.HandleSurgeries -->
