<?xml version="1.0" encoding="UTF-8"?>
<!-- Generated by org.testng.reporters.JUnitReportReporter -->
<testsuite skipped="0" hostname="WAILAP-19" name="FOITest.HandleUsers" tests="1" failures="0" timestamp="29 Jul 2022 07:12:10 GMT" time="85.170" errors="0">
  <testcase name="switchtotenant" time="85.170" classname="FOITest.HandleUsers"/>
</testsuite> <!-- FOITest.HandleUsers -->
